\BOOKMARK [0][-]{chapter.1}{\376\377\000W\000p\000r\000o\000w\000a\000d\000z\000e\000n\000i\000e}{}% 1
\BOOKMARK [1][-]{section.1.1}{\376\377\000C\000e\000l\000\040\000p\000r\000a\000c\000y}{chapter.1}% 2
\BOOKMARK [1][-]{section.1.2}{\376\377\000Z\000a\000k\000r\000e\000s\000\040\000p\000r\000a\000c\000y}{chapter.1}% 3
\BOOKMARK [0][-]{chapter.2}{\376\377\000C\000z\000y\000m\000\040\000j\000e\000s\000t\000\040\000H\000o\000m\000e\000L\000a\000b\000\040\000o\000r\000a\000z\000\040\000a\000n\000a\000l\000i\000z\000a\000\040\000i\000s\000t\000n\000i\000e\000j\001\005\000c\000y\000c\000h\000\040\000r\000o\000z\000w\000i\001\005\000z\000a\001\104}{}% 4
\BOOKMARK [1][-]{section.2.1}{\376\377\000D\000e\000f\000i\000n\000i\000c\000j\000a\000\040\000H\000o\000m\000e\000L\000a\000b\000\040\000o\000r\000a\000z\000\040\000z\000n\000a\000c\000z\000e\000n\000i\000e}{chapter.2}% 5
\BOOKMARK [1][-]{section.2.2}{\376\377\000T\000e\000c\000h\000n\000o\000l\000o\000g\000i\000e\000\040\000w\000y\000k\000o\000r\000z\000y\000s\000t\000y\000w\000a\000n\000e\000\040\000w\000\040\000H\000o\000m\000e\000L\000a\000b\000a\000c\000h}{chapter.2}% 6
\BOOKMARK [1][-]{section.2.3}{\376\377\000A\000n\000a\000l\000i\000z\000a\000\040\000i\000s\000t\000n\000i\000e\000j\001\005\000c\000y\000c\000h\000\040\000s\000y\000s\000t\000e\000m\000\363\000w\000\040\000d\000o\000\040\000z\000a\000r\000z\001\005\000d\000z\000a\000n\000i\000a\000\040\000h\000o\000m\000e\000l\000a\000b\000e\000m}{chapter.2}% 7
\BOOKMARK [0][-]{chapter.3}{\376\377\000P\000r\000o\000j\000e\000k\000t\000\040\000S\000y\000s\000t\000e\000m\000y\000\040\000H\000o\000m\000e\000l\000a\000b}{}% 8
\BOOKMARK [1][-]{section.3.1}{\376\377\000W\000y\000m\000a\000g\000a\000n\000i\000a\000\040\000f\000u\000n\000k\000c\000j\000o\000n\000a\000l\000n\000e\000\040\000i\000\040\000n\000i\000e\000f\000u\000n\000k\000c\000j\000o\000n\000a\000l\000n\000e}{chapter.3}% 9
\BOOKMARK [1][-]{section.3.2}{\376\377\000A\000r\000c\000h\000i\000t\000e\000k\000t\000u\000r\000a\000\040\000s\000y\000s\000t\000e\000m\000u}{chapter.3}% 10
\BOOKMARK [1][-]{section.3.3}{\376\377\000T\000e\000c\000h\000n\000o\000l\000o\000g\000i\000e\000\040\000i\000\040\000n\000a\000r\000z\001\031\000d\000z\000i\000a\000\040\000u\000z\000y\000t\000e\000\040\000w\000\040\000s\000y\000s\000t\000e\000m\000i\000e}{chapter.3}% 11
\BOOKMARK [0][-]{chapter.4}{\376\377\000I\000m\000p\000l\000e\000m\000e\000n\000t\000a\000c\000j\000a\000\040\000s\000y\000s\000t\000e\000m\000u}{}% 12
\BOOKMARK [1][-]{section.4.1}{\376\377\000B\000a\000c\000k\000e\000n\000d\000\040\000-\000\040\000A\000P\000I\000\040\000d\000o\000\040\000z\000a\000r\000z\001\005\000d\000z\000a\000n\000i\000a\000\040\000s\000y\000s\000t\000e\000m\000e\000m}{chapter.4}% 13
\BOOKMARK [1][-]{section.4.2}{\376\377\000F\000r\000o\000n\000t\000e\000n\000d\000\040\000-\000\040\000I\000n\000t\000e\000r\000f\000e\000j\000s\000\040\000u\000z\000y\000t\000k\000o\000w\000n\000i\000k\000a}{chapter.4}% 14
\BOOKMARK [1][-]{section.4.3}{\376\377\000A\000u\000t\000o\000m\000a\000t\000y\000z\000a\000c\000j\000a\000\040\000K\000o\000n\000f\000i\000g\000u\000r\000a\000c\000j\000i\000\040\000i\000\040\000w\000d\000r\000o\000z\000e\000n\000i\000e}{chapter.4}% 15
\BOOKMARK [0][-]{chapter.5}{\376\377\000T\000e\000s\000t\000o\000w\000a\000n\000i\000e\000\040\000i\000\040\000a\000n\000a\000l\000i\000z\000a\000\040\000s\000y\000s\000t\000e\000m\000u}{}% 16
\BOOKMARK [1][-]{section.5.1}{\376\377\000T\000e\000s\000t\000y\000\040\000j\000e\000d\000n\000o\000s\000t\000k\000o\000w\000e\000\040\000i\000\040\000i\000n\000t\000e\000g\000r\000a\000c\000y\000j\000n\000e}{chapter.5}% 17
\BOOKMARK [1][-]{section.5.2}{\376\377\000T\000e\000s\000t\000y\000\040\000w\000y\000d\000a\000j\000n\000o\001\133\000c\000i\000o\000w\000e\000\040\000i\000\040\000b\000e\000z\000p\000i\000e\000c\000z\000e\001\104\000s\000t\000w\000a}{chapter.5}% 18
\BOOKMARK [0][-]{chapter.6}{\376\377\000P\000o\000d\000s\000u\000m\000o\000w\000a\000n\000i\000e\000\040\000i\000\040\000w\000n\000i\000o\000s\000k\000i}{}% 19
\BOOKMARK [1][-]{section.6.1}{\376\377\000P\000o\000d\000s\000u\000m\000o\000w\000a\000n\000i\000e\000\040\000p\000r\000a\000c\000y}{chapter.6}% 20
\BOOKMARK [1][-]{section.6.2}{\376\377\000M\000o\001\174\000l\000i\000w\000o\001\133\000c\000i\000\040\000d\000a\000l\000s\000z\000e\000g\000o\000\040\000r\000o\000z\000w\000o\000j\000u\000\040\000s\000y\000s\000t\000e\000m\000u}{chapter.6}% 21
